
▓ Программа: "vip.exe"  Время запуска: 13:56:13 17/10/2009
▓ Исполняемый модуль: "D:\GALAKTIKA\GAL810\exe\vip.exe"
▓ Система: Windows NT

Менеджер динамической памяти ".SysUserHeap(.SysUser)"
Потеряно блоков: 80, байтов: 1884


▓ Программа: "vip.exe"  Время запуска: 13:56:33 17/10/2009
▓ Исполняемый модуль: "D:\GALAKTIKA\GAL810\exe\vip.exe"
▓ Система: Windows NT

Менеджер динамической памяти ".SysUserHeap(.SysUser)"
Потеряно блоков: 80, байтов: 1868


▓ Программа: "vip.exe"  Время запуска: 13:57:06 17/10/2009
▓ Исполняемый модуль: "D:\GALAKTIKA\GAL810\exe\vip.exe"
▓ Система: Windows NT

Менеджер динамической памяти ".SysUserHeap(.SysUser)"
Потеряно блоков: 80, байтов: 1884


▓ Программа: "vip.exe"  Время запуска: 13:59:29 17/10/2009
▓ Исполняемый модуль: "D:\GALAKTIKA\GAL810\exe\vip.exe"
▓ Система: Windows NT

Менеджер динамической памяти ".SysUserHeap(.SysUser)"
Потеряно блоков: 80, байтов: 1880


▓ Программа: "vip.exe"  Время запуска: 14:15:22 17/10/2009
▓ Исполняемый модуль: "D:\GALAKTIKA\GAL810\exe\vip.exe"
▓ Система: Windows NT

Менеджер динамической памяти ".SysUserHeap(.SysUser)"
Потеряно блоков: 80, байтов: 1848

